<?xml version="1.0" encoding="UTF-8"?>
<testsuite name="TestCase1" tests="1" skipped="0" failures="0" errors="0" timestamp="2021-05-24T09:40:32" hostname="Nehas-MacBook-Air.local" time="10.11">
  <properties/>
  <testcase name="Test1" classname="TestCase1" time="10.11"/>
  <system-out><![CDATA[]]></system-out>
  <system-err><![CDATA[Starting ChromeDriver 90.0.4430.24 (4c6d850f087da467d926e8eddb76550aed655991-refs/branch-heads/4430@{#429}) on port 19495
Only local connections are allowed.
Please see https://chromedriver.chromium.org/security-considerations for suggestions on keeping ChromeDriver safe.
ChromeDriver was started successfully.
May 24, 2021 7:40:37 PM org.openqa.selenium.remote.ProtocolHandshake createSession
INFO: Detected dialect: W3C
]]></system-err>
</testsuite>
