<?xml version="1.0" encoding="UTF-8"?>
<testsuite name="TestCase4" tests="1" skipped="0" failures="0" errors="0" timestamp="2021-05-24T09:41:52" hostname="Nehas-MacBook-Air.local" time="10.345">
  <properties/>
  <testcase name="Test3" classname="TestCase4" time="10.345"/>
  <system-out><![CDATA[//td[contains(text(),'Stuffed Frog'')]//parent::tr/td[4]
]]></system-out>
  <system-err><![CDATA[Starting ChromeDriver 90.0.4430.24 (4c6d850f087da467d926e8eddb76550aed655991-refs/branch-heads/4430@{#429}) on port 5583
Only local connections are allowed.
Please see https://chromedriver.chromium.org/security-considerations for suggestions on keeping ChromeDriver safe.
ChromeDriver was started successfully.
May 24, 2021 7:41:55 PM org.openqa.selenium.remote.ProtocolHandshake createSession
INFO: Detected dialect: W3C
]]></system-err>
</testsuite>
