<?xml version="1.0" encoding="UTF-8"?>
<testsuite name="TestCase3" tests="1" skipped="0" failures="0" errors="0" timestamp="2021-05-24T09:43:23" hostname="Nehas-MacBook-Air.local" time="8.193">
  <properties/>
  <testcase name="Test3" classname="TestCase3" time="8.193"/>
  <system-out><![CDATA[]]></system-out>
  <system-err><![CDATA[Starting ChromeDriver 90.0.4430.24 (4c6d850f087da467d926e8eddb76550aed655991-refs/branch-heads/4430@{#429}) on port 31852
Only local connections are allowed.
Please see https://chromedriver.chromium.org/security-considerations for suggestions on keeping ChromeDriver safe.
ChromeDriver was started successfully.
May 24, 2021 7:43:26 PM org.openqa.selenium.remote.ProtocolHandshake createSession
INFO: Detected dialect: W3C
]]></system-err>
</testsuite>
