<?xml version="1.0" encoding="UTF-8"?>
<!-- Generated by org.testng.reporters.JUnitReportReporter -->
<testsuite hostname="Nehas-MacBook-Air.local" failures="0" tests="1" name="TestCase1" time="9.025" errors="0" timestamp="24 May 2021 09:43:41 GMT" skipped="0">
  <testcase classname="TestCase1" name="Test1" time="9.025"/>
</testsuite> <!-- TestCase1 -->
