<?xml version="1.0" encoding="UTF-8"?>
<!-- Generated by org.testng.reporters.JUnitReportReporter -->
<testsuite hostname="Nehas-MacBook-Air.local" failures="0" tests="5" name="TestCase2" time="69.044" errors="0" timestamp="24 May 2021 09:43:41 GMT" skipped="0">
  <testcase classname="TestCase2" name="Test2" time="11.888"/>
  <testcase classname="TestCase2" name="Test2" time="10.219"/>
  <testcase classname="TestCase2" name="Test2" time="10.798"/>
  <testcase classname="TestCase2" name="Test2" time="21.294"/>
  <testcase classname="TestCase2" name="Test2" time="14.845"/>
</testsuite> <!-- TestCase2 -->
